[Mon Mar  9 04:05:18 EDT 2026] Starting Concurrent Kurultai Reflection (All 6 Agents) [Protocol Mode]
[Mon Mar  9 04:05:18 EDT 2026] Hard timeout: 600s | Watchdog PID: 61992
================================================================
[Mon Mar  9 04:05:18 EDT 2026] Launching 6 agents with semaphore (max 3 concurrent)...
[Mon Mar  9 04:05:18 EDT 2026] Spawned kublai (running:        2)
[Mon Mar  9 04:05:18 EDT 2026] [kublai] Starting protocol reflection...
[Mon Mar  9 04:05:18 EDT 2026] Spawned mongke (running:        3)
[Mon Mar  9 04:05:18 EDT 2026] [mongke] Starting protocol reflection...
[Mon Mar  9 04:05:57 EDT 2026] WARNING: Semaphore wait timeout (load=, running=       3)
[Mon Mar  9 04:05:57 EDT 2026] Spawned chagatai (running:        4)
[Mon Mar  9 04:05:57 EDT 2026] [chagatai] Starting protocol reflection...
[Mon Mar  9 04:06:19 EDT 2026] [kublai] Protocol reflection complete -> /Users/kublai/.openclaw/agents/kublai/memory/2026-03-09.md
[Mon Mar  9 04:06:19 EDT 2026] [mongke] Protocol reflection complete -> /Users/kublai/.openclaw/agents/mongke/memory/2026-03-09.md
[Mon Mar  9 04:06:19 EDT 2026] Spawned temujin (running:        3)
[Mon Mar  9 04:06:19 EDT 2026] [temujin] Starting protocol reflection...
[Mon Mar  9 04:06:57 EDT 2026] [chagatai] Protocol reflection complete -> /Users/kublai/.openclaw/agents/chagatai/memory/2026-03-09.md
[Mon Mar  9 04:06:57 EDT 2026] WARNING: Semaphore wait timeout (load=, running=       3)
[Mon Mar  9 04:06:57 EDT 2026] Spawned jochi (running:        3)
[Mon Mar  9 04:06:57 EDT 2026] [jochi] Starting protocol reflection...
[Mon Mar  9 04:07:19 EDT 2026] [temujin] Protocol reflection complete -> /Users/kublai/.openclaw/agents/temujin/memory/2026-03-09.md
[Mon Mar  9 04:07:20 EDT 2026] Spawned ogedei (running:        3)
[Mon Mar  9 04:07:20 EDT 2026] [ogedei] Starting protocol reflection...
[Mon Mar  9 04:07:57 EDT 2026] [jochi] Protocol reflection complete -> /Users/kublai/.openclaw/agents/jochi/memory/2026-03-09.md
[Mon Mar  9 04:08:20 EDT 2026] [ogedei] Protocol reflection complete -> /Users/kublai/.openclaw/agents/ogedei/memory/2026-03-09.md
[Mon Mar  9 04:08:20 EDT 2026] All 6 agents completed their reflections (parallel)
================================================================
[Mon Mar  9 04:08:20 EDT 2026] Checkpoint written to /Users/kublai/.openclaw/agents/main/logs/reflection-status.json
[Mon Mar  9 04:08:20 EDT 2026] Concurrent Kurultai Reflection Complete
================================================================
[Mon Mar  9 04:08:20 EDT 2026] Starting /horde-review analysis for all agents (batched, timeout=300s, max concurrent=3)...
[Mon Mar  9 04:08:20 EDT 2026] Starting Batch 1: kublai, mongke
[Mon Mar  9 04:08:20 EDT 2026] [kublai] Starting review with fallback mode...
[Mon Mar  9 04:08:20 EDT 2026] Spawned kublai review (running:        2)
[Mon Mar  9 04:08:20 EDT 2026] [mongke] Starting review with fallback mode...
[Mon Mar  9 04:08:20 EDT 2026] Spawned mongke review (running:        3)
