zsh:5: command not found: 0
zsh:10: command not found: 0
[Tue Mar  3 20:00:00 EST 2026] Starting Concurrent Kurultai Reflection (All 6 Agents)
================================================================
[Tue Mar  3 20:00:00 EST 2026] Launching 6 agents concurrently...
[Tue Mar  3 20:00:00 EST 2026] Waiting for all agents to complete...
[Tue Mar  3 20:00:00 EST 2026] [mongke] Starting reflection...
[Tue Mar  3 20:00:00 EST 2026] [kublai] Starting reflection...
[Tue Mar  3 20:00:00 EST 2026] [chagatai] Starting reflection...
[Tue Mar  3 20:00:00 EST 2026] [ogedei] Starting reflection...
[Tue Mar  3 20:00:00 EST 2026] [temujin] Starting reflection...
[Tue Mar  3 20:00:00 EST 2026] [jochi] Starting reflection...
[Tue Mar  3 20:00:01 EST 2026] [temujin] Reflection complete → /Users/kublai/.openclaw/agents/temujin/memory/2026-03-03.md
[Tue Mar  3 20:00:01 EST 2026] [mongke] Reflection complete → /Users/kublai/.openclaw/agents/mongke/memory/2026-03-03.md
[Tue Mar  3 20:00:01 EST 2026] [ogedei] Reflection complete → /Users/kublai/.openclaw/agents/ogedei/memory/2026-03-03.md
[Tue Mar  3 20:00:01 EST 2026] [chagatai] Reflection complete → /Users/kublai/.openclaw/agents/chagatai/memory/2026-03-03.md
[Tue Mar  3 20:00:01 EST 2026] [kublai] Reflection complete → /Users/kublai/.openclaw/agents/kublai/memory/2026-03-03.md
[Tue Mar  3 20:00:01 EST 2026] [jochi] Reflection complete → /Users/kublai/.openclaw/agents/jochi/memory/2026-03-03.md
[Tue Mar  3 20:00:01 EST 2026] All 6 agents completed their reflections
================================================================
[Tue Mar  3 20:00:01 EST 2026] Generating Kublai review summary...

======================================================================
KUBLAI FEEDBACK REVIEW SUMMARY
======================================================================

Feedback Status:
  Pending:   0
  Approved:  0
  Rejected:  0

Pending by Priority:
  🔴 CRITICAL: 0
  🟠 HIGH: 0
  🟡 MEDIUM: 0
  🟢 LOW: 0


[Tue Mar  3 20:00:01 EST 2026] Concurrent Kurultai Reflection Complete
================================================================

Pending Feedback for Kublai:

======================================================================
PENDING FEEDBACK FOR KUBLAI (0 items)
======================================================================



================================================================================
HOURLY REFLECTION LOG - 2026-03-03 20:58:30 EST
================================================================================

STATUS: SUCCESS - All 6 agents completed reflections

Agents Completed:
  ✓ kublai   → /Users/kublai/.openclaw/agents/kublai/memory/2026-03-03.md
  ✓ mongke   → /Users/kublai/.openclaw/agents/mongke/memory/2026-03-03.md
  ✓ chagatai → /Users/kublai/.openclaw/agents/chagatai/memory/2026-03-03.md
  ✓ temujin  → /Users/kublai/.openclaw/agents/temujin/memory/2026-03-03.md
  ✓ jochi    → /Users/kublai/.openclaw/agents/jochi/memory/2026-03-03.md
  ✓ ogedei   → /Users/kublai/.openclaw/agents/ogedei/memory/2026-03-03.md

Kublai Feedback Status:
  Pending:   0
  Approved:  0
  Rejected:  0

Pending by Priority:
  CRITICAL: 0
  HIGH:     0
  MEDIUM:   0
  LOW:      0

NOTES: Clean run. No pending feedback items. All agents operational.

